fsitgl-hpc010p
/mnt/projects/ATOM/blackst/FNLGMD/source
args:  Namespace(compound_count=0, config=['/mnt/projects/ATOM/blackst/FNLGMD/workspace/example_dir/config.yaml'], gene_mutate_prob=0.1, ind_mutate_prob=0.1, mate_prob=0.3, max_clones=1, max_population=0, memetic_delta=1, memetic_delta_scale=1, memetic_frac=0.4, memetic_size=25, model_path='/mnt/projects/ATOM/blackst/GMD/LOGP-JTVAE-PAPER/Train/MODEL-TRAIN/model.epoch-35', model_type='jtnn-fnl', mutate_std=1, num_epochs=1, optimization='minimize', optimizer_type='geneticoptimizer', output_directory='/mnt/projects/ATOM/blackst/FNLGMD/workspace/example_dir/', scorer_type='FNL', selection_type='tournament', smiles_input_file='/mnt/projects/ATOM/blackst/GMD/LOGP-JTVAE-PAPER/Raw-Data/ZINC/all.txt', tourn_size=25, verbose='True', vocab_path='/mnt/projects/ATOM/blackst/GMD/LOGP-JTVAE-PAPER/Vocabulary/all_vocab.txt')
classes initialized
population initialized
Population evaluated
Inside loop
Entering optimizing
Encoding
/mnt/projects/ATOM/blackst/FNLGMD/source/optimizer2.py:118: FutureWarning: The frame.append method is deprecated and will be removed from pandas in a future version. Use pandas.concat instead.
  self.population = self.population.append(
/mnt/projects/ATOM/blackst/FNLGMD/source/optimizer2.py:211: FutureWarning: The frame.append method is deprecated and will be removed from pandas in a future version. Use pandas.concat instead.
  selected_population = selected_population.append(
/mnt/projects/ATOM/blackst/FNLGMD/source/optimizer2.py:269: FutureWarning: The frame.append method is deprecated and will be removed from pandas in a future version. Use pandas.concat instead.
  selected_population = selected_population.append(
/mnt/projects/ATOM/blackst/FNLGMD/source/optimizer2.py:269: FutureWarning: The frame.append method is deprecated and will be removed from pandas in a future version. Use pandas.concat instead.
  selected_population = selected_population.append(
/mnt/projects/ATOM/blackst/FNLGMD/source/optimizer2.py:269: FutureWarning: The frame.append method is deprecated and will be removed from pandas in a future version. Use pandas.concat instead.
  selected_population = selected_population.append(
/mnt/projects/ATOM/blackst/FNLGMD/source/optimizer2.py:269: FutureWarning: The frame.append method is deprecated and will be removed from pandas in a future version. Use pandas.concat instead.
  selected_population = selected_population.append(
/mnt/projects/ATOM/blackst/FNLGMD/source/optimizer2.py:269: FutureWarning: The frame.append method is deprecated and will be removed from pandas in a future version. Use pandas.concat instead.
  selected_population = selected_population.append(
/mnt/projects/ATOM/blackst/FNLGMD/source/optimizer2.py:269: FutureWarning: The frame.append method is deprecated and will be removed from pandas in a future version. Use pandas.concat instead.
  selected_population = selected_population.append(
/mnt/projects/ATOM/blackst/FNLGMD/source/optimizer2.py:269: FutureWarning: The frame.append method is deprecated and will be removed from pandas in a future version. Use pandas.concat instead.
  selected_population = selected_population.append(
/mnt/projects/ATOM/blackst/FNLGMD/source/optimizer2.py:269: FutureWarning: The frame.append method is deprecated and will be removed from pandas in a future version. Use pandas.concat instead.
  selected_population = selected_population.append(
/mnt/projects/ATOM/blackst/FNLGMD/source/optimizer2.py:269: FutureWarning: The frame.append method is deprecated and will be removed from pandas in a future version. Use pandas.concat instead.
  selected_population = selected_population.append(
/mnt/projects/ATOM/blackst/FNLGMD/source/optimizer2.py:269: FutureWarning: The frame.append method is deprecated and will be removed from pandas in a future version. Use pandas.concat instead.
  selected_population = selected_population.append(
/mnt/projects/ATOM/blackst/FNLGMD/source/optimizer2.py:269: FutureWarning: The frame.append method is deprecated and will be removed from pandas in a future version. Use pandas.concat instead.
  selected_population = selected_population.append(
/mnt/projects/ATOM/blackst/FNLGMD/source/optimizer2.py:269: FutureWarning: The frame.append method is deprecated and will be removed from pandas in a future version. Use pandas.concat instead.
  selected_population = selected_population.append(
/mnt/projects/ATOM/blackst/FNLGMD/source/optimizer2.py:269: FutureWarning: The frame.append method is deprecated and will be removed from pandas in a future version. Use pandas.concat instead.
  selected_population = selected_population.append(
/mnt/projects/ATOM/blackst/FNLGMD/source/optimizer2.py:269: FutureWarning: The frame.append method is deprecated and will be removed from pandas in a future version. Use pandas.concat instead.
  selected_population = selected_population.append(
/mnt/projects/ATOM/blackst/FNLGMD/source/optimizer2.py:269: FutureWarning: The frame.append method is deprecated and will be removed from pandas in a future version. Use pandas.concat instead.
  selected_population = selected_population.append(
/mnt/projects/ATOM/blackst/FNLGMD/source/optimizer2.py:269: FutureWarning: The frame.append method is deprecated and will be removed from pandas in a future version. Use pandas.concat instead.
  selected_population = selected_population.append(
/mnt/projects/ATOM/blackst/FNLGMD/source/optimizer2.py:269: FutureWarning: The frame.append method is deprecated and will be removed from pandas in a future version. Use pandas.concat instead.
  selected_population = selected_population.append(
/mnt/projects/ATOM/blackst/FNLGMD/source/optimizer2.py:269: FutureWarning: The frame.append method is deprecated and will be removed from pandas in a future version. Use pandas.concat instead.
  selected_population = selected_population.append(
/mnt/projects/ATOM/blackst/FNLGMD/source/optimizer2.py:269: FutureWarning: The frame.append method is deprecated and will be removed from pandas in a future version. Use pandas.concat instead.
  selected_population = selected_population.append(
/mnt/projects/ATOM/blackst/FNLGMD/source/optimizer2.py:269: FutureWarning: The frame.append method is deprecated and will be removed from pandas in a future version. Use pandas.concat instead.
  selected_population = selected_population.append(
/mnt/projects/ATOM/blackst/FNLGMD/source/optimizer2.py:269: FutureWarning: The frame.append method is deprecated and will be removed from pandas in a future version. Use pandas.concat instead.
  selected_population = selected_population.append(
/mnt/projects/ATOM/blackst/FNLGMD/source/optimizer2.py:269: FutureWarning: The frame.append method is deprecated and will be removed from pandas in a future version. Use pandas.concat instead.
  selected_population = selected_population.append(
/mnt/projects/ATOM/blackst/FNLGMD/source/optimizer2.py:269: FutureWarning: The frame.append method is deprecated and will be removed from pandas in a future version. Use pandas.concat instead.
  selected_population = selected_population.append(
/mnt/projects/ATOM/blackst/FNLGMD/source/optimizer2.py:269: FutureWarning: The frame.append method is deprecated and will be removed from pandas in a future version. Use pandas.concat instead.
  selected_population = selected_population.append(
/mnt/projects/ATOM/blackst/FNLGMD/source/optimizer2.py:269: FutureWarning: The frame.append method is deprecated and will be removed from pandas in a future version. Use pandas.concat instead.
  selected_population = selected_population.append(
/mnt/projects/ATOM/blackst/FNLGMD/source/optimizer2.py:269: FutureWarning: The frame.append method is deprecated and will be removed from pandas in a future version. Use pandas.concat instead.
  selected_population = selected_population.append(
/mnt/projects/ATOM/blackst/FNLGMD/source/optimizer2.py:269: FutureWarning: The frame.append method is deprecated and will be removed from pandas in a future version. Use pandas.concat instead.
  selected_population = selected_population.append(
/mnt/projects/ATOM/blackst/FNLGMD/source/optimizer2.py:269: FutureWarning: The frame.append method is deprecated and will be removed from pandas in a future version. Use pandas.concat instead.
  selected_population = selected_population.append(
/mnt/projects/ATOM/blackst/FNLGMD/source/optimizer2.py:269: FutureWarning: The frame.append method is deprecated and will be removed from pandas in a future version. Use pandas.concat instead.
  selected_population = selected_population.append(
/mnt/projects/ATOM/blackst/FNLGMD/source/optimizer2.py:269: FutureWarning: The frame.append method is deprecated and will be removed from pandas in a future version. Use pandas.concat instead.
  selected_population = selected_population.append(
/mnt/projects/ATOM/blackst/FNLGMD/source/optimizer2.py:269: FutureWarning: The frame.append method is deprecated and will be removed from pandas in a future version. Use pandas.concat instead.
  selected_population = selected_population.append(
/mnt/projects/ATOM/blackst/FNLGMD/source/optimizer2.py:269: FutureWarning: The frame.append method is deprecated and will be removed from pandas in a future version. Use pandas.concat instead.
  selected_population = selected_population.append(
/mnt/projects/ATOM/blackst/FNLGMD/source/optimizer2.py:269: FutureWarning: The frame.append method is deprecated and will be removed from pandas in a future version. Use pandas.concat instead.
  selected_population = selected_population.append(
/mnt/projects/ATOM/blackst/FNLGMD/source/optimizer2.py:269: FutureWarning: The frame.append method is deprecated and will be removed from pandas in a future version. Use pandas.concat instead.
  selected_population = selected_population.append(
/mnt/projects/ATOM/blackst/FNLGMD/source/optimizer2.py:269: FutureWarning: The frame.append method is deprecated and will be removed from pandas in a future version. Use pandas.concat instead.
  selected_population = selected_population.append(
/mnt/projects/ATOM/blackst/FNLGMD/source/optimizer2.py:269: FutureWarning: The frame.append method is deprecated and will be removed from pandas in a future version. Use pandas.concat instead.
  selected_population = selected_population.append(
/mnt/projects/ATOM/blackst/FNLGMD/source/optimizer2.py:269: FutureWarning: The frame.append method is deprecated and will be removed from pandas in a future version. Use pandas.concat instead.
  selected_population = selected_population.append(
/mnt/projects/ATOM/blackst/FNLGMD/source/optimizer2.py:269: FutureWarning: The frame.append method is deprecated and will be removed from pandas in a future version. Use pandas.concat instead.
  selected_population = selected_population.append(
/mnt/projects/ATOM/blackst/FNLGMD/source/optimizer2.py:269: FutureWarning: The frame.append method is deprecated and will be removed from pandas in a future version. Use pandas.concat instead.
  selected_population = selected_population.append(
/mnt/projects/ATOM/blackst/FNLGMD/source/optimizer2.py:269: FutureWarning: The frame.append method is deprecated and will be removed from pandas in a future version. Use pandas.concat instead.
  selected_population = selected_population.append(
/mnt/projects/ATOM/blackst/FNLGMD/source/optimizer2.py:269: FutureWarning: The frame.append method is deprecated and will be removed from pandas in a future version. Use pandas.concat instead.
  selected_population = selected_population.append(
/mnt/projects/ATOM/blackst/FNLGMD/source/optimizer2.py:269: FutureWarning: The frame.append method is deprecated and will be removed from pandas in a future version. Use pandas.concat instead.
  selected_population = selected_population.append(
/mnt/projects/ATOM/blackst/FNLGMD/source/optimizer2.py:269: FutureWarning: The frame.append method is deprecated and will be removed from pandas in a future version. Use pandas.concat instead.
  selected_population = selected_population.append(
/mnt/projects/ATOM/blackst/FNLGMD/source/optimizer2.py:269: FutureWarning: The frame.append method is deprecated and will be removed from pandas in a future version. Use pandas.concat instead.
  selected_population = selected_population.append(
/mnt/projects/ATOM/blackst/FNLGMD/source/optimizer2.py:269: FutureWarning: The frame.append method is deprecated and will be removed from pandas in a future version. Use pandas.concat instead.
  selected_population = selected_population.append(
/mnt/projects/ATOM/blackst/FNLGMD/source/optimizer2.py:269: FutureWarning: The frame.append method is deprecated and will be removed from pandas in a future version. Use pandas.concat instead.
  selected_population = selected_population.append(
/mnt/projects/ATOM/blackst/FNLGMD/source/optimizer2.py:269: FutureWarning: The frame.append method is deprecated and will be removed from pandas in a future version. Use pandas.concat instead.
  selected_population = selected_population.append(
/mnt/projects/ATOM/blackst/FNLGMD/source/optimizer2.py:269: FutureWarning: The frame.append method is deprecated and will be removed from pandas in a future version. Use pandas.concat instead.
  selected_population = selected_population.append(
/mnt/projects/ATOM/blackst/FNLGMD/source/optimizer2.py:269: FutureWarning: The frame.append method is deprecated and will be removed from pandas in a future version. Use pandas.concat instead.
  selected_population = selected_population.append(
/mnt/projects/ATOM/blackst/FNLGMD/source/optimizer2.py:269: FutureWarning: The frame.append method is deprecated and will be removed from pandas in a future version. Use pandas.concat instead.
  selected_population = selected_population.append(
/mnt/projects/ATOM/blackst/FNLGMD/source/optimizer2.py:269: FutureWarning: The frame.append method is deprecated and will be removed from pandas in a future version. Use pandas.concat instead.
  selected_population = selected_population.append(
/mnt/projects/ATOM/blackst/FNLGMD/source/optimizer2.py:269: FutureWarning: The frame.append method is deprecated and will be removed from pandas in a future version. Use pandas.concat instead.
  selected_population = selected_population.append(
/mnt/projects/ATOM/blackst/FNLGMD/source/optimizer2.py:269: FutureWarning: The frame.append method is deprecated and will be removed from pandas in a future version. Use pandas.concat instead.
  selected_population = selected_population.append(
/mnt/projects/ATOM/blackst/FNLGMD/source/optimizer2.py:269: FutureWarning: The frame.append method is deprecated and will be removed from pandas in a future version. Use pandas.concat instead.
  selected_population = selected_population.append(
/mnt/projects/ATOM/blackst/FNLGMD/source/optimizer2.py:269: FutureWarning: The frame.append method is deprecated and will be removed from pandas in a future version. Use pandas.concat instead.
  selected_population = selected_population.append(
/mnt/projects/ATOM/blackst/FNLGMD/source/optimizer2.py:269: FutureWarning: The frame.append method is deprecated and will be removed from pandas in a future version. Use pandas.concat instead.
  selected_population = selected_population.append(
/mnt/projects/ATOM/blackst/FNLGMD/source/optimizer2.py:269: FutureWarning: The frame.append method is deprecated and will be removed from pandas in a future version. Use pandas.concat instead.
  selected_population = selected_population.append(
/mnt/projects/ATOM/blackst/FNLGMD/source/optimizer2.py:269: FutureWarning: The frame.append method is deprecated and will be removed from pandas in a future version. Use pandas.concat instead.
  selected_population = selected_population.append(
/mnt/projects/ATOM/blackst/FNLGMD/source/optimizer2.py:269: FutureWarning: The frame.append method is deprecated and will be removed from pandas in a future version. Use pandas.concat instead.
  selected_population = selected_population.append(
/mnt/projects/ATOM/blackst/FNLGMD/source/optimizer2.py:269: FutureWarning: The frame.append method is deprecated and will be removed from pandas in a future version. Use pandas.concat instead.
  selected_population = selected_population.append(
/mnt/projects/ATOM/blackst/FNLGMD/source/optimizer2.py:269: FutureWarning: The frame.append method is deprecated and will be removed from pandas in a future version. Use pandas.concat instead.
  selected_population = selected_population.append(
/mnt/projects/ATOM/blackst/FNLGMD/source/optimizer2.py:269: FutureWarning: The frame.append method is deprecated and will be removed from pandas in a future version. Use pandas.concat instead.
  selected_population = selected_population.append(
/mnt/projects/ATOM/blackst/FNLGMD/source/optimizer2.py:269: FutureWarning: The frame.append method is deprecated and will be removed from pandas in a future version. Use pandas.concat instead.
  selected_population = selected_population.append(
/mnt/projects/ATOM/blackst/FNLGMD/source/optimizer2.py:269: FutureWarning: The frame.append method is deprecated and will be removed from pandas in a future version. Use pandas.concat instead.
  selected_population = selected_population.append(
/mnt/projects/ATOM/blackst/FNLGMD/source/optimizer2.py:269: FutureWarning: The frame.append method is deprecated and will be removed from pandas in a future version. Use pandas.concat instead.
  selected_population = selected_population.append(
/mnt/projects/ATOM/blackst/FNLGMD/source/optimizer2.py:269: FutureWarning: The frame.append method is deprecated and will be removed from pandas in a future version. Use pandas.concat instead.
  selected_population = selected_population.append(
/mnt/projects/ATOM/blackst/FNLGMD/source/optimizer2.py:269: FutureWarning: The frame.append method is deprecated and will be removed from pandas in a future version. Use pandas.concat instead.
  selected_population = selected_population.append(
/mnt/projects/ATOM/blackst/FNLGMD/source/optimizer2.py:269: FutureWarning: The frame.append method is deprecated and will be removed from pandas in a future version. Use pandas.concat instead.
  selected_population = selected_population.append(
/mnt/projects/ATOM/blackst/FNLGMD/source/optimizer2.py:269: FutureWarning: The frame.append method is deprecated and will be removed from pandas in a future version. Use pandas.concat instead.
  selected_population = selected_population.append(
/mnt/projects/ATOM/blackst/FNLGMD/source/optimizer2.py:269: FutureWarning: The frame.append method is deprecated and will be removed from pandas in a future version. Use pandas.concat instead.
  selected_population = selected_population.append(
/mnt/projects/ATOM/blackst/FNLGMD/source/optimizer2.py:269: FutureWarning: The frame.append method is deprecated and will be removed from pandas in a future version. Use pandas.concat instead.
  selected_population = selected_population.append(
/mnt/projects/ATOM/blackst/FNLGMD/source/optimizer2.py:269: FutureWarning: The frame.append method is deprecated and will be removed from pandas in a future version. Use pandas.concat instead.
  selected_population = selected_population.append(
/mnt/projects/ATOM/blackst/FNLGMD/source/optimizer2.py:269: FutureWarning: The frame.append method is deprecated and will be removed from pandas in a future version. Use pandas.concat instead.
  selected_population = selected_population.append(
/mnt/projects/ATOM/blackst/FNLGMD/source/optimizer2.py:269: FutureWarning: The frame.append method is deprecated and will be removed from pandas in a future version. Use pandas.concat instead.
  selected_population = selected_population.append(
/mnt/projects/ATOM/blackst/FNLGMD/source/optimizer2.py:269: FutureWarning: The frame.append method is deprecated and will be removed from pandas in a future version. Use pandas.concat instead.
  selected_population = selected_population.append(
/mnt/projects/ATOM/blackst/FNLGMD/source/optimizer2.py:269: FutureWarning: The frame.append method is deprecated and will be removed from pandas in a future version. Use pandas.concat instead.
  selected_population = selected_population.append(
/mnt/projects/ATOM/blackst/FNLGMD/source/optimizer2.py:269: FutureWarning: The frame.append method is deprecated and will be removed from pandas in a future version. Use pandas.concat instead.
  selected_population = selected_population.append(
/mnt/projects/ATOM/blackst/FNLGMD/source/optimizer2.py:269: FutureWarning: The frame.append method is deprecated and will be removed from pandas in a future version. Use pandas.concat instead.
  selected_population = selected_population.append(
/mnt/projects/ATOM/blackst/FNLGMD/source/optimizer2.py:269: FutureWarning: The frame.append method is deprecated and will be removed from pandas in a future version. Use pandas.concat instead.
  selected_population = selected_population.append(
/mnt/projects/ATOM/blackst/FNLGMD/source/optimizer2.py:269: FutureWarning: The frame.append method is deprecated and will be removed from pandas in a future version. Use pandas.concat instead.
  selected_population = selected_population.append(
/mnt/projects/ATOM/blackst/FNLGMD/source/optimizer2.py:269: FutureWarning: The frame.append method is deprecated and will be removed from pandas in a future version. Use pandas.concat instead.
  selected_population = selected_population.append(
/mnt/projects/ATOM/blackst/FNLGMD/source/optimizer2.py:269: FutureWarning: The frame.append method is deprecated and will be removed from pandas in a future version. Use pandas.concat instead.
  selected_population = selected_population.append(
/mnt/projects/ATOM/blackst/FNLGMD/source/optimizer2.py:269: FutureWarning: The frame.append method is deprecated and will be removed from pandas in a future version. Use pandas.concat instead.
  selected_population = selected_population.append(
/mnt/projects/ATOM/blackst/FNLGMD/source/optimizer2.py:269: FutureWarning: The frame.append method is deprecated and will be removed from pandas in a future version. Use pandas.concat instead.
  selected_population = selected_population.append(
/mnt/projects/ATOM/blackst/FNLGMD/source/optimizer2.py:269: FutureWarning: The frame.append method is deprecated and will be removed from pandas in a future version. Use pandas.concat instead.
  selected_population = selected_population.append(
/mnt/projects/ATOM/blackst/FNLGMD/source/optimizer2.py:269: FutureWarning: The frame.append method is deprecated and will be removed from pandas in a future version. Use pandas.concat instead.
  selected_population = selected_population.append(
/mnt/projects/ATOM/blackst/FNLGMD/source/optimizer2.py:269: FutureWarning: The frame.append method is deprecated and will be removed from pandas in a future version. Use pandas.concat instead.
  selected_population = selected_population.append(
/mnt/projects/ATOM/blackst/FNLGMD/source/optimizer2.py:269: FutureWarning: The frame.append method is deprecated and will be removed from pandas in a future version. Use pandas.concat instead.
  selected_population = selected_population.append(
/mnt/projects/ATOM/blackst/FNLGMD/source/optimizer2.py:269: FutureWarning: The frame.append method is deprecated and will be removed from pandas in a future version. Use pandas.concat instead.
  selected_population = selected_population.append(
/mnt/projects/ATOM/blackst/FNLGMD/source/optimizer2.py:269: FutureWarning: The frame.append method is deprecated and will be removed from pandas in a future version. Use pandas.concat instead.
  selected_population = selected_population.append(
/mnt/projects/ATOM/blackst/FNLGMD/source/optimizer2.py:269: FutureWarning: The frame.append method is deprecated and will be removed from pandas in a future version. Use pandas.concat instead.
  selected_population = selected_population.append(
/mnt/projects/ATOM/blackst/FNLGMD/source/optimizer2.py:269: FutureWarning: The frame.append method is deprecated and will be removed from pandas in a future version. Use pandas.concat instead.
  selected_population = selected_population.append(
/mnt/projects/ATOM/blackst/FNLGMD/source/optimizer2.py:269: FutureWarning: The frame.append method is deprecated and will be removed from pandas in a future version. Use pandas.concat instead.
  selected_population = selected_population.append(
/mnt/projects/ATOM/blackst/FNLGMD/source/optimizer2.py:269: FutureWarning: The frame.append method is deprecated and will be removed from pandas in a future version. Use pandas.concat instead.
  selected_population = selected_population.append(
/mnt/projects/ATOM/blackst/FNLGMD/source/optimizer2.py:269: FutureWarning: The frame.append method is deprecated and will be removed from pandas in a future version. Use pandas.concat instead.
  selected_population = selected_population.append(
/mnt/projects/ATOM/blackst/FNLGMD/source/optimizer2.py:269: FutureWarning: The frame.append method is deprecated and will be removed from pandas in a future version. Use pandas.concat instead.
  selected_population = selected_population.append(
/mnt/projects/ATOM/blackst/FNLGMD/source/optimizer2.py:269: FutureWarning: The frame.append method is deprecated and will be removed from pandas in a future version. Use pandas.concat instead.
  selected_population = selected_population.append(
/mnt/projects/ATOM/blackst/FNLGMD/source/optimizer2.py:269: FutureWarning: The frame.append method is deprecated and will be removed from pandas in a future version. Use pandas.concat instead.
  selected_population = selected_population.append(
/mnt/projects/ATOM/blackst/FNLGMD/source/optimizer2.py:269: FutureWarning: The frame.append method is deprecated and will be removed from pandas in a future version. Use pandas.concat instead.
  selected_population = selected_population.append(
/mnt/projects/ATOM/blackst/FNLGMD/source/optimizer2.py:269: FutureWarning: The frame.append method is deprecated and will be removed from pandas in a future version. Use pandas.concat instead.
  selected_population = selected_population.append(
/mnt/projects/ATOM/blackst/FNLGMD/source/optimizer2.py:269: FutureWarning: The frame.append method is deprecated and will be removed from pandas in a future version. Use pandas.concat instead.
  selected_population = selected_population.append(
/mnt/projects/ATOM/blackst/FNLGMD/source/optimizer2.py:269: FutureWarning: The frame.append method is deprecated and will be removed from pandas in a future version. Use pandas.concat instead.
  selected_population = selected_population.append(
/mnt/projects/ATOM/blackst/FNLGMD/source/optimizer2.py:269: FutureWarning: The frame.append method is deprecated and will be removed from pandas in a future version. Use pandas.concat instead.
  selected_population = selected_population.append(
/mnt/projects/ATOM/blackst/FNLGMD/source/optimizer2.py:269: FutureWarning: The frame.append method is deprecated and will be removed from pandas in a future version. Use pandas.concat instead.
  selected_population = selected_population.append(
/mnt/projects/ATOM/blackst/FNLGMD/source/optimizer2.py:269: FutureWarning: The frame.append method is deprecated and will be removed from pandas in a future version. Use pandas.concat instead.
  selected_population = selected_population.append(
/mnt/projects/ATOM/blackst/FNLGMD/source/optimizer2.py:269: FutureWarning: The frame.append method is deprecated and will be removed from pandas in a future version. Use pandas.concat instead.
  selected_population = selected_population.append(
/mnt/projects/ATOM/blackst/FNLGMD/source/optimizer2.py:269: FutureWarning: The frame.append method is deprecated and will be removed from pandas in a future version. Use pandas.concat instead.
  selected_population = selected_population.append(
/mnt/projects/ATOM/blackst/FNLGMD/source/optimizer2.py:269: FutureWarning: The frame.append method is deprecated and will be removed from pandas in a future version. Use pandas.concat instead.
  selected_population = selected_population.append(
/mnt/projects/ATOM/blackst/FNLGMD/source/optimizer2.py:269: FutureWarning: The frame.append method is deprecated and will be removed from pandas in a future version. Use pandas.concat instead.
  selected_population = selected_population.append(
/mnt/projects/ATOM/blackst/FNLGMD/source/optimizer2.py:269: FutureWarning: The frame.append method is deprecated and will be removed from pandas in a future version. Use pandas.concat instead.
  selected_population = selected_population.append(
/mnt/projects/ATOM/blackst/FNLGMD/source/optimizer2.py:269: FutureWarning: The frame.append method is deprecated and will be removed from pandas in a future version. Use pandas.concat instead.
  selected_population = selected_population.append(
/mnt/projects/ATOM/blackst/FNLGMD/source/optimizer2.py:269: FutureWarning: The frame.append method is deprecated and will be removed from pandas in a future version. Use pandas.concat instead.
  selected_population = selected_population.append(
/mnt/projects/ATOM/blackst/FNLGMD/source/optimizer2.py:269: FutureWarning: The frame.append method is deprecated and will be removed from pandas in a future version. Use pandas.concat instead.
  selected_population = selected_population.append(
/mnt/projects/ATOM/blackst/FNLGMD/source/optimizer2.py:269: FutureWarning: The frame.append method is deprecated and will be removed from pandas in a future version. Use pandas.concat instead.
  selected_population = selected_population.append(
/mnt/projects/ATOM/blackst/FNLGMD/source/optimizer2.py:269: FutureWarning: The frame.append method is deprecated and will be removed from pandas in a future version. Use pandas.concat instead.
  selected_population = selected_population.append(
/mnt/projects/ATOM/blackst/FNLGMD/source/optimizer2.py:269: FutureWarning: The frame.append method is deprecated and will be removed from pandas in a future version. Use pandas.concat instead.
  selected_population = selected_population.append(
/mnt/projects/ATOM/blackst/FNLGMD/source/optimizer2.py:269: FutureWarning: The frame.append method is deprecated and will be removed from pandas in a future version. Use pandas.concat instead.
  selected_population = selected_population.append(
/mnt/projects/ATOM/blackst/FNLGMD/source/optimizer2.py:269: FutureWarning: The frame.append method is deprecated and will be removed from pandas in a future version. Use pandas.concat instead.
  selected_population = selected_population.append(
/mnt/projects/ATOM/blackst/FNLGMD/source/optimizer2.py:269: FutureWarning: The frame.append method is deprecated and will be removed from pandas in a future version. Use pandas.concat instead.
  selected_population = selected_population.append(
/mnt/projects/ATOM/blackst/FNLGMD/source/optimizer2.py:269: FutureWarning: The frame.append method is deprecated and will be removed from pandas in a future version. Use pandas.concat instead.
  selected_population = selected_population.append(
/mnt/projects/ATOM/blackst/FNLGMD/source/optimizer2.py:269: FutureWarning: The frame.append method is deprecated and will be removed from pandas in a future version. Use pandas.concat instead.
  selected_population = selected_population.append(
/mnt/projects/ATOM/blackst/FNLGMD/source/optimizer2.py:269: FutureWarning: The frame.append method is deprecated and will be removed from pandas in a future version. Use pandas.concat instead.
  selected_population = selected_population.append(
/mnt/projects/ATOM/blackst/FNLGMD/source/optimizer2.py:269: FutureWarning: The frame.append method is deprecated and will be removed from pandas in a future version. Use pandas.concat instead.
  selected_population = selected_population.append(
/mnt/projects/ATOM/blackst/FNLGMD/source/optimizer2.py:269: FutureWarning: The frame.append method is deprecated and will be removed from pandas in a future version. Use pandas.concat instead.
  selected_population = selected_population.append(
/mnt/projects/ATOM/blackst/FNLGMD/source/optimizer2.py:269: FutureWarning: The frame.append method is deprecated and will be removed from pandas in a future version. Use pandas.concat instead.
  selected_population = selected_population.append(
/mnt/projects/ATOM/blackst/FNLGMD/source/optimizer2.py:269: FutureWarning: The frame.append method is deprecated and will be removed from pandas in a future version. Use pandas.concat instead.
  selected_population = selected_population.append(
/mnt/projects/ATOM/blackst/FNLGMD/source/optimizer2.py:269: FutureWarning: The frame.append method is deprecated and will be removed from pandas in a future version. Use pandas.concat instead.
  selected_population = selected_population.append(
/mnt/projects/ATOM/blackst/FNLGMD/source/optimizer2.py:269: FutureWarning: The frame.append method is deprecated and will be removed from pandas in a future version. Use pandas.concat instead.
  selected_population = selected_population.append(
/mnt/projects/ATOM/blackst/FNLGMD/source/optimizer2.py:269: FutureWarning: The frame.append method is deprecated and will be removed from pandas in a future version. Use pandas.concat instead.
  selected_population = selected_population.append(
/mnt/projects/ATOM/blackst/FNLGMD/source/optimizer2.py:269: FutureWarning: The frame.append method is deprecated and will be removed from pandas in a future version. Use pandas.concat instead.
  selected_population = selected_population.append(
/mnt/projects/ATOM/blackst/FNLGMD/source/optimizer2.py:269: FutureWarning: The frame.append method is deprecated and will be removed from pandas in a future version. Use pandas.concat instead.
  selected_population = selected_population.append(
/mnt/projects/ATOM/blackst/FNLGMD/source/optimizer2.py:269: FutureWarning: The frame.append method is deprecated and will be removed from pandas in a future version. Use pandas.concat instead.
  selected_population = selected_population.append(
/mnt/projects/ATOM/blackst/FNLGMD/source/optimizer2.py:269: FutureWarning: The frame.append method is deprecated and will be removed from pandas in a future version. Use pandas.concat instead.
  selected_population = selected_population.append(
/mnt/projects/ATOM/blackst/FNLGMD/source/optimizer2.py:269: FutureWarning: The frame.append method is deprecated and will be removed from pandas in a future version. Use pandas.concat instead.
  selected_population = selected_population.append(
/mnt/projects/ATOM/blackst/FNLGMD/source/optimizer2.py:269: FutureWarning: The frame.append method is deprecated and will be removed from pandas in a future version. Use pandas.concat instead.
  selected_population = selected_population.append(
/mnt/projects/ATOM/blackst/FNLGMD/source/optimizer2.py:269: FutureWarning: The frame.append method is deprecated and will be removed from pandas in a future version. Use pandas.concat instead.
  selected_population = selected_population.append(
/mnt/projects/ATOM/blackst/FNLGMD/source/optimizer2.py:269: FutureWarning: The frame.append method is deprecated and will be removed from pandas in a future version. Use pandas.concat instead.
  selected_population = selected_population.append(
/mnt/projects/ATOM/blackst/FNLGMD/source/optimizer2.py:269: FutureWarning: The frame.append method is deprecated and will be removed from pandas in a future version. Use pandas.concat instead.
  selected_population = selected_population.append(
/mnt/projects/ATOM/blackst/FNLGMD/source/optimizer2.py:269: FutureWarning: The frame.append method is deprecated and will be removed from pandas in a future version. Use pandas.concat instead.
  selected_population = selected_population.append(
/mnt/projects/ATOM/blackst/FNLGMD/source/optimizer2.py:269: FutureWarning: The frame.append method is deprecated and will be removed from pandas in a future version. Use pandas.concat instead.
  selected_population = selected_population.append(
/mnt/projects/ATOM/blackst/FNLGMD/source/optimizer2.py:269: FutureWarning: The frame.append method is deprecated and will be removed from pandas in a future version. Use pandas.concat instead.
  selected_population = selected_population.append(
/mnt/projects/ATOM/blackst/FNLGMD/source/optimizer2.py:269: FutureWarning: The frame.append method is deprecated and will be removed from pandas in a future version. Use pandas.concat instead.
  selected_population = selected_population.append(
/mnt/projects/ATOM/blackst/FNLGMD/source/optimizer2.py:269: FutureWarning: The frame.append method is deprecated and will be removed from pandas in a future version. Use pandas.concat instead.
  selected_population = selected_population.append(
/mnt/projects/ATOM/blackst/FNLGMD/source/optimizer2.py:269: FutureWarning: The frame.append method is deprecated and will be removed from pandas in a future version. Use pandas.concat instead.
  selected_population = selected_population.append(
/mnt/projects/ATOM/blackst/FNLGMD/source/optimizer2.py:269: FutureWarning: The frame.append method is deprecated and will be removed from pandas in a future version. Use pandas.concat instead.
  selected_population = selected_population.append(
/mnt/projects/ATOM/blackst/FNLGMD/source/optimizer2.py:269: FutureWarning: The frame.append method is deprecated and will be removed from pandas in a future version. Use pandas.concat instead.
  selected_population = selected_population.append(
/mnt/projects/ATOM/blackst/FNLGMD/source/optimizer2.py:269: FutureWarning: The frame.append method is deprecated and will be removed from pandas in a future version. Use pandas.concat instead.
  selected_population = selected_population.append(
/mnt/projects/ATOM/blackst/FNLGMD/source/optimizer2.py:269: FutureWarning: The frame.append method is deprecated and will be removed from pandas in a future version. Use pandas.concat instead.
  selected_population = selected_population.append(
/mnt/projects/ATOM/blackst/FNLGMD/source/optimizer2.py:480: FutureWarning: The frame.append method is deprecated and will be removed from pandas in a future version. Use pandas.concat instead.
  self.population = self.population.append(children) #TODO: Need to align to prepare for future pandas versions:
/mnt/projects/ATOM/blackst/FNLGMD/source/optimizer2.py:580: FutureWarning: The frame.append method is deprecated and will be removed from pandas in a future version. Use pandas.concat instead.
  self.population = self.population.append(memetic_dict, ignore_index= True) #TODO: Need to align to prepare for future pandas versions:
/mnt/projects/ATOM/blackst/FNLGMD/source/optimizer2.py:580: FutureWarning: The frame.append method is deprecated and will be removed from pandas in a future version. Use pandas.concat instead.
  self.population = self.population.append(memetic_dict, ignore_index= True) #TODO: Need to align to prepare for future pandas versions:
/mnt/projects/ATOM/blackst/FNLGMD/source/optimizer2.py:580: FutureWarning: The frame.append method is deprecated and will be removed from pandas in a future version. Use pandas.concat instead.
  self.population = self.population.append(memetic_dict, ignore_index= True) #TODO: Need to align to prepare for future pandas versions:
/mnt/projects/ATOM/blackst/FNLGMD/source/optimizer2.py:580: FutureWarning: The frame.append method is deprecated and will be removed from pandas in a future version. Use pandas.concat instead.
  self.population = self.population.append(memetic_dict, ignore_index= True) #TODO: Need to align to prepare for future pandas versions:
/mnt/projects/ATOM/blackst/FNLGMD/source/optimizer2.py:580: FutureWarning: The frame.append method is deprecated and will be removed from pandas in a future version. Use pandas.concat instead.
  self.population = self.population.append(memetic_dict, ignore_index= True) #TODO: Need to align to prepare for future pandas versions:
/mnt/projects/ATOM/blackst/FNLGMD/source/optimizer2.py:580: FutureWarning: The frame.append method is deprecated and will be removed from pandas in a future version. Use pandas.concat instead.
  self.population = self.population.append(memetic_dict, ignore_index= True) #TODO: Need to align to prepare for future pandas versions:
/mnt/projects/ATOM/blackst/FNLGMD/source/optimizer2.py:580: FutureWarning: The frame.append method is deprecated and will be removed from pandas in a future version. Use pandas.concat instead.
  self.population = self.population.append(memetic_dict, ignore_index= True) #TODO: Need to align to prepare for future pandas versions:
/mnt/projects/ATOM/blackst/FNLGMD/source/optimizer2.py:580: FutureWarning: The frame.append method is deprecated and will be removed from pandas in a future version. Use pandas.concat instead.
  self.population = self.population.append(memetic_dict, ignore_index= True) #TODO: Need to align to prepare for future pandas versions:
/mnt/projects/ATOM/blackst/FNLGMD/source/optimizer2.py:580: FutureWarning: The frame.append method is deprecated and will be removed from pandas in a future version. Use pandas.concat instead.
  self.population = self.population.append(memetic_dict, ignore_index= True) #TODO: Need to align to prepare for future pandas versions:
/mnt/projects/ATOM/blackst/FNLGMD/source/optimizer2.py:580: FutureWarning: The frame.append method is deprecated and will be removed from pandas in a future version. Use pandas.concat instead.
  self.population = self.population.append(memetic_dict, ignore_index= True) #TODO: Need to align to prepare for future pandas versions:
/mnt/projects/ATOM/blackst/FNLGMD/source/optimizer2.py:580: FutureWarning: The frame.append method is deprecated and will be removed from pandas in a future version. Use pandas.concat instead.
  self.population = self.population.append(memetic_dict, ignore_index= True) #TODO: Need to align to prepare for future pandas versions:
/mnt/projects/ATOM/blackst/FNLGMD/source/optimizer2.py:580: FutureWarning: The frame.append method is deprecated and will be removed from pandas in a future version. Use pandas.concat instead.
  self.population = self.population.append(memetic_dict, ignore_index= True) #TODO: Need to align to prepare for future pandas versions:
/mnt/projects/ATOM/blackst/FNLGMD/source/optimizer2.py:580: FutureWarning: The frame.append method is deprecated and will be removed from pandas in a future version. Use pandas.concat instead.
  self.population = self.population.append(memetic_dict, ignore_index= True) #TODO: Need to align to prepare for future pandas versions:
/mnt/projects/ATOM/blackst/FNLGMD/source/optimizer2.py:580: FutureWarning: The frame.append method is deprecated and will be removed from pandas in a future version. Use pandas.concat instead.
  self.population = self.population.append(memetic_dict, ignore_index= True) #TODO: Need to align to prepare for future pandas versions:
/mnt/projects/ATOM/blackst/FNLGMD/source/optimizer2.py:580: FutureWarning: The frame.append method is deprecated and will be removed from pandas in a future version. Use pandas.concat instead.
  self.population = self.population.append(memetic_dict, ignore_index= True) #TODO: Need to align to prepare for future pandas versions:
/mnt/projects/ATOM/blackst/FNLGMD/source/optimizer2.py:580: FutureWarning: The frame.append method is deprecated and will be removed from pandas in a future version. Use pandas.concat instead.
  self.population = self.population.append(memetic_dict, ignore_index= True) #TODO: Need to align to prepare for future pandas versions:
/mnt/projects/ATOM/blackst/FNLGMD/source/optimizer2.py:580: FutureWarning: The frame.append method is deprecated and will be removed from pandas in a future version. Use pandas.concat instead.
  self.population = self.population.append(memetic_dict, ignore_index= True) #TODO: Need to align to prepare for future pandas versions:
/mnt/projects/ATOM/blackst/FNLGMD/source/optimizer2.py:580: FutureWarning: The frame.append method is deprecated and will be removed from pandas in a future version. Use pandas.concat instead.
  self.population = self.population.append(memetic_dict, ignore_index= True) #TODO: Need to align to prepare for future pandas versions:
/mnt/projects/ATOM/blackst/FNLGMD/source/optimizer2.py:580: FutureWarning: The frame.append method is deprecated and will be removed from pandas in a future version. Use pandas.concat instead.
  self.population = self.population.append(memetic_dict, ignore_index= True) #TODO: Need to align to prepare for future pandas versions:
/mnt/projects/ATOM/blackst/FNLGMD/source/optimizer2.py:580: FutureWarning: The frame.append method is deprecated and will be removed from pandas in a future version. Use pandas.concat instead.
  self.population = self.population.append(memetic_dict, ignore_index= True) #TODO: Need to align to prepare for future pandas versions:
/mnt/projects/ATOM/blackst/FNLGMD/source/optimizer2.py:580: FutureWarning: The frame.append method is deprecated and will be removed from pandas in a future version. Use pandas.concat instead.
  self.population = self.population.append(memetic_dict, ignore_index= True) #TODO: Need to align to prepare for future pandas versions:
/mnt/projects/ATOM/blackst/FNLGMD/source/optimizer2.py:580: FutureWarning: The frame.append method is deprecated and will be removed from pandas in a future version. Use pandas.concat instead.
  self.population = self.population.append(memetic_dict, ignore_index= True) #TODO: Need to align to prepare for future pandas versions:
/mnt/projects/ATOM/blackst/FNLGMD/source/optimizer2.py:580: FutureWarning: The frame.append method is deprecated and will be removed from pandas in a future version. Use pandas.concat instead.
  self.population = self.population.append(memetic_dict, ignore_index= True) #TODO: Need to align to prepare for future pandas versions:
/mnt/projects/ATOM/blackst/FNLGMD/source/optimizer2.py:580: FutureWarning: The frame.append method is deprecated and will be removed from pandas in a future version. Use pandas.concat instead.
  self.population = self.population.append(memetic_dict, ignore_index= True) #TODO: Need to align to prepare for future pandas versions:
/mnt/projects/ATOM/blackst/FNLGMD/source/optimizer2.py:580: FutureWarning: The frame.append method is deprecated and will be removed from pandas in a future version. Use pandas.concat instead.
  self.population = self.population.append(memetic_dict, ignore_index= True) #TODO: Need to align to prepare for future pandas versions:
/mnt/projects/ATOM/blackst/FNLGMD/source/optimizer2.py:580: FutureWarning: The frame.append method is deprecated and will be removed from pandas in a future version. Use pandas.concat instead.
  self.population = self.population.append(memetic_dict, ignore_index= True) #TODO: Need to align to prepare for future pandas versions:
/mnt/projects/ATOM/blackst/FNLGMD/source/optimizer2.py:580: FutureWarning: The frame.append method is deprecated and will be removed from pandas in a future version. Use pandas.concat instead.
  self.population = self.population.append(memetic_dict, ignore_index= True) #TODO: Need to align to prepare for future pandas versions:
/mnt/projects/ATOM/blackst/FNLGMD/source/optimizer2.py:580: FutureWarning: The frame.append method is deprecated and will be removed from pandas in a future version. Use pandas.concat instead.
  self.population = self.population.append(memetic_dict, ignore_index= True) #TODO: Need to align to prepare for future pandas versions:
/mnt/projects/ATOM/blackst/FNLGMD/source/optimizer2.py:580: FutureWarning: The frame.append method is deprecated and will be removed from pandas in a future version. Use pandas.concat instead.
  self.population = self.population.append(memetic_dict, ignore_index= True) #TODO: Need to align to prepare for future pandas versions:
/mnt/projects/ATOM/blackst/FNLGMD/source/optimizer2.py:580: FutureWarning: The frame.append method is deprecated and will be removed from pandas in a future version. Use pandas.concat instead.
  self.population = self.population.append(memetic_dict, ignore_index= True) #TODO: Need to align to prepare for future pandas versions:
/mnt/projects/ATOM/blackst/FNLGMD/source/optimizer2.py:580: FutureWarning: The frame.append method is deprecated and will be removed from pandas in a future version. Use pandas.concat instead.
  self.population = self.population.append(memetic_dict, ignore_index= True) #TODO: Need to align to prepare for future pandas versions:
/mnt/projects/ATOM/blackst/FNLGMD/source/optimizer2.py:580: FutureWarning: The frame.append method is deprecated and will be removed from pandas in a future version. Use pandas.concat instead.
  self.population = self.population.append(memetic_dict, ignore_index= True) #TODO: Need to align to prepare for future pandas versions:
/mnt/projects/ATOM/blackst/FNLGMD/source/optimizer2.py:580: FutureWarning: The frame.append method is deprecated and will be removed from pandas in a future version. Use pandas.concat instead.
  self.population = self.population.append(memetic_dict, ignore_index= True) #TODO: Need to align to prepare for future pandas versions:
/mnt/projects/ATOM/blackst/FNLGMD/source/optimizer2.py:580: FutureWarning: The frame.append method is deprecated and will be removed from pandas in a future version. Use pandas.concat instead.
  self.population = self.population.append(memetic_dict, ignore_index= True) #TODO: Need to align to prepare for future pandas versions:
/mnt/projects/ATOM/blackst/FNLGMD/source/optimizer2.py:580: FutureWarning: The frame.append method is deprecated and will be removed from pandas in a future version. Use pandas.concat instead.
  self.population = self.population.append(memetic_dict, ignore_index= True) #TODO: Need to align to prepare for future pandas versions:
/mnt/projects/ATOM/blackst/FNLGMD/source/optimizer2.py:580: FutureWarning: The frame.append method is deprecated and will be removed from pandas in a future version. Use pandas.concat instead.
  self.population = self.population.append(memetic_dict, ignore_index= True) #TODO: Need to align to prepare for future pandas versions:
/mnt/projects/ATOM/blackst/FNLGMD/source/optimizer2.py:580: FutureWarning: The frame.append method is deprecated and will be removed from pandas in a future version. Use pandas.concat instead.
  self.population = self.population.append(memetic_dict, ignore_index= True) #TODO: Need to align to prepare for future pandas versions:
/mnt/projects/ATOM/blackst/FNLGMD/source/optimizer2.py:580: FutureWarning: The frame.append method is deprecated and will be removed from pandas in a future version. Use pandas.concat instead.
  self.population = self.population.append(memetic_dict, ignore_index= True) #TODO: Need to align to prepare for future pandas versions:
/mnt/projects/ATOM/blackst/FNLGMD/source/optimizer2.py:580: FutureWarning: The frame.append method is deprecated and will be removed from pandas in a future version. Use pandas.concat instead.
  self.population = self.population.append(memetic_dict, ignore_index= True) #TODO: Need to align to prepare for future pandas versions:
/mnt/projects/ATOM/blackst/FNLGMD/source/optimizer2.py:580: FutureWarning: The frame.append method is deprecated and will be removed from pandas in a future version. Use pandas.concat instead.
  self.population = self.population.append(memetic_dict, ignore_index= True) #TODO: Need to align to prepare for future pandas versions:
/mnt/projects/ATOM/blackst/FNLGMD/source/optimizer2.py:580: FutureWarning: The frame.append method is deprecated and will be removed from pandas in a future version. Use pandas.concat instead.
  self.population = self.population.append(memetic_dict, ignore_index= True) #TODO: Need to align to prepare for future pandas versions:
/mnt/projects/ATOM/blackst/FNLGMD/source/optimizer2.py:580: FutureWarning: The frame.append method is deprecated and will be removed from pandas in a future version. Use pandas.concat instead.
  self.population = self.population.append(memetic_dict, ignore_index= True) #TODO: Need to align to prepare for future pandas versions:
/mnt/projects/ATOM/blackst/FNLGMD/source/optimizer2.py:580: FutureWarning: The frame.append method is deprecated and will be removed from pandas in a future version. Use pandas.concat instead.
  self.population = self.population.append(memetic_dict, ignore_index= True) #TODO: Need to align to prepare for future pandas versions:
/mnt/projects/ATOM/blackst/FNLGMD/source/optimizer2.py:580: FutureWarning: The frame.append method is deprecated and will be removed from pandas in a future version. Use pandas.concat instead.
  self.population = self.population.append(memetic_dict, ignore_index= True) #TODO: Need to align to prepare for future pandas versions:
/mnt/projects/ATOM/blackst/FNLGMD/source/optimizer2.py:580: FutureWarning: The frame.append method is deprecated and will be removed from pandas in a future version. Use pandas.concat instead.
  self.population = self.population.append(memetic_dict, ignore_index= True) #TODO: Need to align to prepare for future pandas versions:
/mnt/projects/ATOM/blackst/FNLGMD/source/optimizer2.py:580: FutureWarning: The frame.append method is deprecated and will be removed from pandas in a future version. Use pandas.concat instead.
  self.population = self.population.append(memetic_dict, ignore_index= True) #TODO: Need to align to prepare for future pandas versions:
/mnt/projects/ATOM/blackst/FNLGMD/source/optimizer2.py:580: FutureWarning: The frame.append method is deprecated and will be removed from pandas in a future version. Use pandas.concat instead.
  self.population = self.population.append(memetic_dict, ignore_index= True) #TODO: Need to align to prepare for future pandas versions:
/mnt/projects/ATOM/blackst/FNLGMD/source/optimizer2.py:580: FutureWarning: The frame.append method is deprecated and will be removed from pandas in a future version. Use pandas.concat instead.
  self.population = self.population.append(memetic_dict, ignore_index= True) #TODO: Need to align to prepare for future pandas versions:
/mnt/projects/ATOM/blackst/FNLGMD/source/optimizer2.py:580: FutureWarning: The frame.append method is deprecated and will be removed from pandas in a future version. Use pandas.concat instead.
  self.population = self.population.append(memetic_dict, ignore_index= True) #TODO: Need to align to prepare for future pandas versions:
/mnt/projects/ATOM/blackst/FNLGMD/source/optimizer2.py:580: FutureWarning: The frame.append method is deprecated and will be removed from pandas in a future version. Use pandas.concat instead.
  self.population = self.population.append(memetic_dict, ignore_index= True) #TODO: Need to align to prepare for future pandas versions:
/mnt/projects/ATOM/blackst/FNLGMD/source/optimizer2.py:580: FutureWarning: The frame.append method is deprecated and will be removed from pandas in a future version. Use pandas.concat instead.
  self.population = self.population.append(memetic_dict, ignore_index= True) #TODO: Need to align to prepare for future pandas versions:
/mnt/projects/ATOM/blackst/FNLGMD/source/optimizer2.py:580: FutureWarning: The frame.append method is deprecated and will be removed from pandas in a future version. Use pandas.concat instead.
  self.population = self.population.append(memetic_dict, ignore_index= True) #TODO: Need to align to prepare for future pandas versions:
/mnt/projects/ATOM/blackst/FNLGMD/source/optimizer2.py:580: FutureWarning: The frame.append method is deprecated and will be removed from pandas in a future version. Use pandas.concat instead.
  self.population = self.population.append(memetic_dict, ignore_index= True) #TODO: Need to align to prepare for future pandas versions:
/mnt/projects/ATOM/blackst/FNLGMD/source/optimizer2.py:580: FutureWarning: The frame.append method is deprecated and will be removed from pandas in a future version. Use pandas.concat instead.
  self.population = self.population.append(memetic_dict, ignore_index= True) #TODO: Need to align to prepare for future pandas versions:
/mnt/projects/ATOM/blackst/FNLGMD/source/optimizer2.py:580: FutureWarning: The frame.append method is deprecated and will be removed from pandas in a future version. Use pandas.concat instead.
  self.population = self.population.append(memetic_dict, ignore_index= True) #TODO: Need to align to prepare for future pandas versions:
/mnt/projects/ATOM/blackst/FNLGMD/source/optimizer2.py:580: FutureWarning: The frame.append method is deprecated and will be removed from pandas in a future version. Use pandas.concat instead.
  self.population = self.population.append(memetic_dict, ignore_index= True) #TODO: Need to align to prepare for future pandas versions:
/mnt/projects/ATOM/blackst/FNLGMD/source/optimizer2.py:580: FutureWarning: The frame.append method is deprecated and will be removed from pandas in a future version. Use pandas.concat instead.
  self.population = self.population.append(memetic_dict, ignore_index= True) #TODO: Need to align to prepare for future pandas versions:
/mnt/projects/ATOM/blackst/FNLGMD/source/optimizer2.py:580: FutureWarning: The frame.append method is deprecated and will be removed from pandas in a future version. Use pandas.concat instead.
  self.population = self.population.append(memetic_dict, ignore_index= True) #TODO: Need to align to prepare for future pandas versions:
/mnt/projects/ATOM/blackst/FNLGMD/source/optimizer2.py:580: FutureWarning: The frame.append method is deprecated and will be removed from pandas in a future version. Use pandas.concat instead.
  self.population = self.population.append(memetic_dict, ignore_index= True) #TODO: Need to align to prepare for future pandas versions:
Encoding computation time, Total time = 31, 32 seconds
<class 'numpy.ndarray'>
<class 'numpy.ndarray'>
latent_optimizer population_size: 500, latent_cost_df size: 500, retained_df size: 0, target population size: 249456
Decoding
Traceback (most recent call last):
  File "/mnt/projects/ATOM/blackst/FNLGMD/source/main.py", line 64, in <module>
    main()
  File "/mnt/projects/ATOM/blackst/FNLGMD/source/main.py", line 60, in main
    population = evaluator.score(population) 
  File "/mnt/projects/ATOM/blackst/FNLGMD/source/scorer.py", line 34, in score
    mol = MolFromSmiles(s)
TypeError: No registered converter was able to produce a C++ rvalue of type std::__cxx11::basic_string<wchar_t, std::char_traits<wchar_t>, std::allocator<wchar_t> > from this Python object of type float
